<?xml version="1.0" encoding="UTF-8"?>
<testsuite name="OpponentSimulatorTestSuite" tests="1" skipped="0" failures="0" errors="0" timestamp="2023-02-16T20:11:07" hostname="DESKTOP-731RHS3" time="0.056">
  <properties/>
  <testcase name="computerBoardTest()" classname="OpponentSimulatorTestSuite" time="0.056"/>
  <system-out><![CDATA[Computer turn

 <M3> |  B1  |  C1  |  D1  | <M4> | <M4> | <M4> | <M4> |  I1  |  J1  |

 <M3> |  B2  |  C2  |  D2  |  E2  |  F2  |  G2  |  H2  |  I2  |  J2  |

 <M3> |  B3  |  C3  | <M1> |  E3  |  F3  |  G3  | <M1> |  I3  |  J3  |

  A4  |  B4  |  C4  |  D4  |  E4  |  F4  |  G4  |  H4  |  I4  |  J4  |

  A5  |  B5  |  C5  |  D5  |  E5  |  F5  |  G5  |  H5  |  I5  | <M1> |

  A6  |  B6  |  C6  | <M2> |  E6  |  F6  |  G6  | <M3> |  I6  |  J6  |

  A7  |  B7  |  C7  | <M2> |  E7  | <M1> |  G7  | <M3> |  I7  |  J7  |

  A8  |  B8  |  C8  |  D8  |  E8  |  F8  |  G8  | <M3> |  I8  |  J8  |

  A9  |  B9  | <M2> |  D9  |  E9  | <M2> |  G9  |  H9  |  I9  |  J9  |

  A10 |  B10 | <M2> |  D10 |  E10 | <M2> |  G10 |  H10 |  I10 |  J10 |

]]></system-out>
  <system-err><![CDATA[]]></system-err>
</testsuite>
